<?xml version="1.0" encoding="UTF-8"?>
<!-- Generated by org.testng.reporters.JUnitXMLReporter -->
<testsuite hostname="BDC4-D-5S4YQG2" ignored="0" name="myFirstTest" tests="5" failures="0" timestamp="17 Sep 2018 09:19:09 GMT" time="62.285" errors="0">
  <testcase name="testcase" time="62.092" classname="com.Day1.TestNG.basicAnnotations"/>
  <testcase name="Testcase" time="0.001" classname="com.Day1.TestNG.DataDrivenExample"/>
  <testcase name="Testcase" time="0.001" classname="com.Day1.TestNG.DataDrivenExample"/>
  <testcase name="Testcase" time="0.003" classname="com.Day1.TestNG.project2"/>
  <testcase name="Testcasee" time="0.004" classname="com.Day1.TestNG.project2"/>
</testsuite> <!-- myFirstTest -->
